10:47:14.525 INFO [GridLauncherV3.launch] - Selenium build info: version: '3.14.0', revision: 'aacccce0'
10:47:14.541 INFO [GridLauncherV3$1.launch] - Launching a standalone Selenium Server on port 4444
2018-09-08 10:47:14.744:INFO::main: Logging initialized @577ms to org.seleniumhq.jetty9.util.log.StdErrLog
10:47:15.076 INFO [SeleniumServer.boot] - Selenium Server is up and running on port 4444
10:47:15.526 INFO [ActiveSessionFactory.apply] - Capabilities are: {
  "acceptSslCerts": true,
  "browserName": "chrome",
  "chromeOptions": {
    "args": [
      "disable-web-security",
      "ignore-certificate-errors",
      "--test-type"
    ]
  },
  "javascriptEnabled": true,
  "name": "Positive Tests"
}
10:47:15.526 INFO [ActiveSessionFactory.lambda$apply$11] - Matched factory org.openqa.selenium.remote.server.ServicedSession$Factory (provider: org.openqa.selenium.chrome.ChromeDriverService)
Starting ChromeDriver 2.41.578737 (49da6702b16031c40d63e5618de03a32ff6c197e) on port 13485
Only local connections are allowed.
10:47:19.067 INFO [ProtocolHandshake.createSession] - Detected dialect: OSS
10:47:19.379 INFO [RemoteSession$Factory.lambda$performHandshake$0] - Started new session bb0b20aaa240ca4b5aacbf58fde3001c (org.openqa.selenium.chrome.ChromeDriverService)
10:47:48.526 INFO [ActiveSessions$1.onStop] - Removing session bb0b20aaa240ca4b5aacbf58fde3001c (org.openqa.selenium.chrome.ChromeDriverService)
